[1/27] cl /c /Zc:__cplusplus /Zp8 /GR /W3 /EHs /nologo /MD /D_CRT_SECURE_NO_DEPRECATE /D_SCL_SECURE_NO_DEPRECATE /D_SECURE_SCL=0   /DMATLAB_MEX_FILE  /DMATLAB_MEX_FILE /O2 /Oy- /DNDEBUG /fp:strict /utf-8 /I "." /I "C:\Users\masato\research\master_research_b\lng_modeling\half_active" /I ".\interface" /I "C:\Program Files\MATLAB\R2024a\extern\include" /I "." -DHAVE_LAPACK_CONFIG_H -DLAPACK_COMPLEX_STRUCTURE -DMW_HAVE_LAPACK_DECLS -DMODEL=nlmpcControllerMEX   mtimes.c /Fobuild\win64\mtimes.obj
mtimes.c
[2/27] cl /c /Zc:__cplusplus /Zp8 /GR /W3 /EHs /nologo /MD /D_CRT_SECURE_NO_DEPRECATE /D_SCL_SECURE_NO_DEPRECATE /D_SECURE_SCL=0   /DMATLAB_MEX_FILE  /DMATLAB_MEX_FILE /O2 /Oy- /DNDEBUG /fp:strict /utf-8 /I "." /I "C:\Users\masato\research\master_research_b\lng_modeling\half_active" /I ".\interface" /I "C:\Program Files\MATLAB\R2024a\extern\include" /I "." -DHAVE_LAPACK_CONFIG_H -DLAPACK_COMPLEX_STRUCTURE -DMW_HAVE_LAPACK_DECLS -DMODEL=nlmpcControllerMEX   nlmpcmoveCodeGeneration_terminate.c /Fobuild\win64\nlmpcmoveCodeGeneration_terminate.obj
nlmpcmoveCodeGeneration_terminate.c
[3/27] cl /c /Zc:__cplusplus /Zp8 /GR /W3 /EHs /nologo /MD /D_CRT_SECURE_NO_DEPRECATE /D_SCL_SECURE_NO_DEPRECATE /D_SECURE_SCL=0   /DMATLAB_MEX_FILE  /DMATLAB_MEX_FILE /O2 /Oy- /DNDEBUG /fp:strict /utf-8 /I "." /I "C:\Users\masato\research\master_research_b\lng_modeling\half_active" /I ".\interface" /I "C:\Program Files\MATLAB\R2024a\extern\include" /I "." -DHAVE_LAPACK_CONFIG_H -DLAPACK_COMPLEX_STRUCTURE -DMW_HAVE_LAPACK_DECLS -DMODEL=nlmpcControllerMEX   evaluateStateTrajectory.c /Fobuild\win64\evaluateStateTrajectory.obj
evaluateStateTrajectory.c
[4/27] cl /c /Zc:__cplusplus /Zp8 /GR /W3 /EHs /nologo /MD /D_CRT_SECURE_NO_DEPRECATE /D_SCL_SECURE_NO_DEPRECATE /D_SECURE_SCL=0   /DMATLAB_MEX_FILE  /DMATLAB_MEX_FILE /O2 /Oy- /DNDEBUG /fp:strict /utf-8 /I "." /I "C:\Users\masato\research\master_research_b\lng_modeling\half_active" /I ".\interface" /I "C:\Program Files\MATLAB\R2024a\extern\include" /I "." -DHAVE_LAPACK_CONFIG_H -DLAPACK_COMPLEX_STRUCTURE -DMW_HAVE_LAPACK_DECLS -DMODEL=nlmpcControllerMEX   nlmpcmoveCodeGeneration_data.c /Fobuild\win64\nlmpcmoveCodeGeneration_data.obj
nlmpcmoveCodeGeneration_data.c
[5/27] cl /c /Zc:__cplusplus /Zp8 /GR /W3 /EHs /nologo /MD /D_CRT_SECURE_NO_DEPRECATE /D_SCL_SECURE_NO_DEPRECATE /D_SECURE_SCL=0   /DMATLAB_MEX_FILE  /DMATLAB_MEX_FILE /O2 /Oy- /DNDEBUG /fp:strict /utf-8 /I "." /I "C:\Users\masato\research\master_research_b\lng_modeling\half_active" /I ".\interface" /I "C:\Program Files\MATLAB\R2024a\extern\include" /I "." -DHAVE_LAPACK_CONFIG_H -DLAPACK_COMPLEX_STRUCTURE -DMW_HAVE_LAPACK_DECLS -DMODEL=nlmpcControllerMEX   nlmpcmoveCodeGeneration_initialize.c /Fobuild\win64\nlmpcmoveCodeGeneration_initialize.obj
nlmpcmoveCodeGeneration_initialize.c
[6/27] cl /c /Zc:__cplusplus /Zp8 /GR /W3 /EHs /nologo /MD /D_CRT_SECURE_NO_DEPRECATE /D_SCL_SECURE_NO_DEPRECATE /D_SECURE_SCL=0   /DMATLAB_MEX_FILE  /DMATLAB_MEX_FILE /O2 /Oy- /DNDEBUG /fp:strict /utf-8 /I "." /I "C:\Users\masato\research\master_research_b\lng_modeling\half_active" /I ".\interface" /I "C:\Program Files\MATLAB\R2024a\extern\include" /I "." -DHAVE_LAPACK_CONFIG_H -DLAPACK_COMPLEX_STRUCTURE -DMW_HAVE_LAPACK_DECLS -DMODEL=nlmpcControllerMEX   norm.c /Fobuild\win64\norm.obj
norm.c
[7/27] cl /c /Zc:__cplusplus /Zp8 /GR /W3 /EHs /nologo /MD /D_CRT_SECURE_NO_DEPRECATE /D_SCL_SECURE_NO_DEPRECATE /D_SECURE_SCL=0   /DMATLAB_MEX_FILE  /DMATLAB_MEX_FILE /O2 /Oy- /DNDEBUG /fp:strict /utf-8 /I "." /I "C:\Users\masato\research\master_research_b\lng_modeling\half_active" /I ".\interface" /I "C:\Program Files\MATLAB\R2024a\extern\include" /I "." -DHAVE_LAPACK_CONFIG_H -DLAPACK_COMPLEX_STRUCTURE -DMW_HAVE_LAPACK_DECLS -DMODEL=nlmpcControllerMEX   nlmpcmoveCodeGeneration_emxutil.c /Fobuild\win64\nlmpcmoveCodeGeneration_emxutil.obj
nlmpcmoveCodeGeneration_emxutil.c
[8/27] cl /c /Zc:__cplusplus /Zp8 /GR /W3 /EHs /nologo /MD /D_CRT_SECURE_NO_DEPRECATE /D_SCL_SECURE_NO_DEPRECATE /D_SECURE_SCL=0   /DMATLAB_MEX_FILE  /DMATLAB_MEX_FILE /O2 /Oy- /DNDEBUG /fp:strict /utf-8 /I "." /I "C:\Users\masato\research\master_research_b\lng_modeling\half_active" /I ".\interface" /I "C:\Program Files\MATLAB\R2024a\extern\include" /I "." -DHAVE_LAPACK_CONFIG_H -DLAPACK_COMPLEX_STRUCTURE -DMW_HAVE_LAPACK_DECLS -DMODEL=nlmpcControllerMEX   interface\_coder_nlmpcmoveCodeGeneration_info.c /Fobuild\win64\_coder_nlmpcmoveCodeGeneration_info.obj
_coder_nlmpcmoveCodeGeneration_info.c
[9/27] cl /c /Zc:__cplusplus /Zp8 /GR /W3 /EHs /nologo /MD /D_CRT_SECURE_NO_DEPRECATE /D_SCL_SECURE_NO_DEPRECATE /D_SECURE_SCL=0   /DMATLAB_MEX_FILE  /DMATLAB_MEX_FILE /O2 /Oy- /DNDEBUG /fp:strict /utf-8 /I "." /I "C:\Users\masato\research\master_research_b\lng_modeling\half_active" /I ".\interface" /I "C:\Program Files\MATLAB\R2024a\extern\include" /I "." -DHAVE_LAPACK_CONFIG_H -DLAPACK_COMPLEX_STRUCTURE -DMW_HAVE_LAPACK_DECLS -DMODEL=nlmpcControllerMEX   nlmpc_config__costFcnJacobian.c /Fobuild\win64\nlmpc_config__costFcnJacobian.obj
nlmpc_config__costFcnJacobian.c
[10/27] cl /c /Zc:__cplusplus /Zp8 /GR /W3 /EHs /nologo /MD /D_CRT_SECURE_NO_DEPRECATE /D_SCL_SECURE_NO_DEPRECATE /D_SECURE_SCL=0   /DMATLAB_MEX_FILE  /DMATLAB_MEX_FILE /O2 /Oy- /DNDEBUG /fp:strict /utf-8 /I "." /I "C:\Users\masato\research\master_research_b\lng_modeling\half_active" /I ".\interface" /I "C:\Program Files\MATLAB\R2024a\extern\include" /I "." -DHAVE_LAPACK_CONFIG_H -DLAPACK_COMPLEX_STRUCTURE -DMW_HAVE_LAPACK_DECLS -DMODEL=nlmpcControllerMEX   rt_nonfinite.c /Fobuild\win64\rt_nonfinite.obj
rt_nonfinite.c
[11/27] cl /c /Zc:__cplusplus /Zp8 /GR /W3 /EHs /nologo /MD /D_CRT_SECURE_NO_DEPRECATE /D_SCL_SECURE_NO_DEPRECATE /D_SECURE_SCL=0   /DMATLAB_MEX_FILE  /DMATLAB_MEX_FILE /O2 /Oy- /DNDEBUG /fp:strict /utf-8 /I "." /I "C:\Users\masato\research\master_research_b\lng_modeling\half_active" /I ".\interface" /I "C:\Program Files\MATLAB\R2024a\extern\include" /I "." -DHAVE_LAPACK_CONFIG_H -DLAPACK_COMPLEX_STRUCTURE -DMW_HAVE_LAPACK_DECLS -DMODEL=nlmpcControllerMEX   makima.c /Fobuild\win64\makima.obj
makima.c
[12/27] cl /c /Zc:__cplusplus /Zp8 /GR /W3 /EHs /nologo /MD /D_CRT_SECURE_NO_DEPRECATE /D_SCL_SECURE_NO_DEPRECATE /D_SECURE_SCL=0   /DMATLAB_MEX_FILE  /DMATLAB_MEX_FILE /O2 /Oy- /DNDEBUG /fp:strict /utf-8 /I "." /I "C:\Users\masato\research\master_research_b\lng_modeling\half_active" /I ".\interface" /I "C:\Program Files\MATLAB\R2024a\extern\include" /I "." -DHAVE_LAPACK_CONFIG_H -DLAPACK_COMPLEX_STRUCTURE -DMW_HAVE_LAPACK_DECLS -DMODEL=nlmpcControllerMEX   unpackDecisionVariables.c /Fobuild\win64\unpackDecisionVariables.obj
unpackDecisionVariables.c
[13/27] cl /c /Zc:__cplusplus /Zp8 /GR /W3 /EHs /nologo /MD /D_CRT_SECURE_NO_DEPRECATE /D_SCL_SECURE_NO_DEPRECATE /D_SECURE_SCL=0   /DMATLAB_MEX_FILE  /DMATLAB_MEX_FILE /O2 /Oy- /DNDEBUG /fp:strict /utf-8 /I "." /I "C:\Users\masato\research\master_research_b\lng_modeling\half_active" /I ".\interface" /I "C:\Program Files\MATLAB\R2024a\extern\include" /I "." -DHAVE_LAPACK_CONFIG_H -DLAPACK_COMPLEX_STRUCTURE -DMW_HAVE_LAPACK_DECLS -DMODEL=nlmpcControllerMEX   nlmpc_config__ineqConFcn.c /Fobuild\win64\nlmpc_config__ineqConFcn.obj
nlmpc_config__ineqConFcn.c
[14/27] cl /c /Zc:__cplusplus /Zp8 /GR /W3 /EHs /nologo /MD /D_CRT_SECURE_NO_DEPRECATE /D_SCL_SECURE_NO_DEPRECATE /D_SECURE_SCL=0   /DMATLAB_MEX_FILE  /DMATLAB_MEX_FILE /O2 /Oy- /DNDEBUG /fp:strict /utf-8 /I "." /I "C:\Users\masato\research\master_research_b\lng_modeling\half_active" /I ".\interface" /I "C:\Program Files\MATLAB\R2024a\extern\include" /I "." -DHAVE_LAPACK_CONFIG_H -DLAPACK_COMPLEX_STRUCTURE -DMW_HAVE_LAPACK_DECLS -DMODEL=nlmpcControllerMEX   nlmpc_config__stateFcn.c /Fobuild\win64\nlmpc_config__stateFcn.obj
nlmpc_config__stateFcn.c
[15/27] cl /c /Zc:__cplusplus /Zp8 /GR /W3 /EHs /nologo /MD /D_CRT_SECURE_NO_DEPRECATE /D_SCL_SECURE_NO_DEPRECATE /D_SECURE_SCL=0   /DMATLAB_MEX_FILE  /DMATLAB_MEX_FILE /O2 /Oy- /DNDEBUG /fp:strict /utf-8 /I "." /I "C:\Users\masato\research\master_research_b\lng_modeling\half_active" /I ".\interface" /I "C:\Program Files\MATLAB\R2024a\extern\include" /I "." -DHAVE_LAPACK_CONFIG_H -DLAPACK_COMPLEX_STRUCTURE -DMW_HAVE_LAPACK_DECLS -DMODEL=nlmpcControllerMEX   interface\_coder_nlmpcmoveCodeGeneration_mex.c /Fobuild\win64\_coder_nlmpcmoveCodeGeneration_mex.obj
_coder_nlmpcmoveCodeGeneration_mex.c
[16/27] cl /c /Zc:__cplusplus /Zp8 /GR /W3 /EHs /nologo /MD /D_CRT_SECURE_NO_DEPRECATE /D_SCL_SECURE_NO_DEPRECATE /D_SECURE_SCL=0   /DMATLAB_MEX_FILE  /DMATLAB_MEX_FILE /O2 /Oy- /DNDEBUG /fp:strict /utf-8 /I "." /I "C:\Users\masato\research\master_research_b\lng_modeling\half_active" /I ".\interface" /I "C:\Program Files\MATLAB\R2024a\extern\include" /I "." -DHAVE_LAPACK_CONFIG_H -DLAPACK_COMPLEX_STRUCTURE -DMW_HAVE_LAPACK_DECLS -DMODEL=nlmpcControllerMEX   nlmpc_config__costFcnJacobianAD.c /Fobuild\win64\nlmpc_config__costFcnJacobianAD.obj
nlmpc_config__costFcnJacobianAD.c
[17/27] cl /c /Zc:__cplusplus /Zp8 /GR /W3 /EHs /nologo /MD /D_CRT_SECURE_NO_DEPRECATE /D_SCL_SECURE_NO_DEPRECATE /D_SECURE_SCL=0   /DMATLAB_MEX_FILE  /DMATLAB_MEX_FILE /O2 /Oy- /DNDEBUG /fp:strict /utf-8 /I "." /I "C:\Users\masato\research\master_research_b\lng_modeling\half_active" /I ".\interface" /I "C:\Program Files\MATLAB\R2024a\extern\include" /I "." -DHAVE_LAPACK_CONFIG_H -DLAPACK_COMPLEX_STRUCTURE -DMW_HAVE_LAPACK_DECLS -DMODEL=nlmpcControllerMEX   mldivide.c /Fobuild\win64\mldivide.obj
mldivide.c
[18/27] cl /c /Zc:__cplusplus /Zp8 /GR /W3 /EHs /nologo /MD /D_CRT_SECURE_NO_DEPRECATE /D_SCL_SECURE_NO_DEPRECATE /D_SECURE_SCL=0   /DMATLAB_MEX_FILE  /DMATLAB_MEX_FILE /O2 /Oy- /DNDEBUG /fp:strict /utf-8 /I "." /I "C:\Users\masato\research\master_research_b\lng_modeling\half_active" /I ".\interface" /I "C:\Program Files\MATLAB\R2024a\extern\include" /I "." -DHAVE_LAPACK_CONFIG_H -DLAPACK_COMPLEX_STRUCTURE -DMW_HAVE_LAPACK_DECLS -DMODEL=nlmpcControllerMEX   computeOptimalityMatrix.c /Fobuild\win64\computeOptimalityMatrix.obj
computeOptimalityMatrix.c
[19/27] cl /c /Zc:__cplusplus /Zp8 /GR /W3 /EHs /nologo /MD /D_CRT_SECURE_NO_DEPRECATE /D_SCL_SECURE_NO_DEPRECATE /D_SECURE_SCL=0   /DMATLAB_MEX_FILE  /DMATLAB_MEX_FILE /O2 /Oy- /DNDEBUG /fp:strict /utf-8 /I "." /I "C:\Users\masato\research\master_research_b\lng_modeling\half_active" /I ".\interface" /I "C:\Program Files\MATLAB\R2024a\extern\include" /I "." -DHAVE_LAPACK_CONFIG_H -DLAPACK_COMPLEX_STRUCTURE -DMW_HAVE_LAPACK_DECLS -DMODEL=nlmpcControllerMEX   "C:\Program Files\MATLAB\R2024a\extern\version\c_mexapi_version.c" /Fobuild\win64\c_mexapi_version.obj
c_mexapi_version.c
[20/27] cl /c /Zc:__cplusplus /Zp8 /GR /W3 /EHs /nologo /MD /D_CRT_SECURE_NO_DEPRECATE /D_SCL_SECURE_NO_DEPRECATE /D_SECURE_SCL=0   /DMATLAB_MEX_FILE  /DMATLAB_MEX_FILE /O2 /Oy- /DNDEBUG /fp:strict /utf-8 /I "." /I "C:\Users\masato\research\master_research_b\lng_modeling\half_active" /I ".\interface" /I "C:\Program Files\MATLAB\R2024a\extern\include" /I "." -DHAVE_LAPACK_CONFIG_H -DLAPACK_COMPLEX_STRUCTURE -DMW_HAVE_LAPACK_DECLS -DMODEL=nlmpcControllerMEX   sumMatrixIncludeNaN.c /Fobuild\win64\sumMatrixIncludeNaN.obj
sumMatrixIncludeNaN.c
[21/27] cl /c /Zc:__cplusplus /Zp8 /GR /W3 /EHs /nologo /MD /D_CRT_SECURE_NO_DEPRECATE /D_SCL_SECURE_NO_DEPRECATE /D_SECURE_SCL=0   /DMATLAB_MEX_FILE  /DMATLAB_MEX_FILE /O2 /Oy- /DNDEBUG /fp:strict /utf-8 /I "." /I "C:\Users\masato\research\master_research_b\lng_modeling\half_active" /I ".\interface" /I "C:\Program Files\MATLAB\R2024a\extern\include" /I "." -DHAVE_LAPACK_CONFIG_H -DLAPACK_COMPLEX_STRUCTURE -DMW_HAVE_LAPACK_DECLS -DMODEL=nlmpcControllerMEX   fdgmres.c /Fobuild\win64\fdgmres.obj
fdgmres.c
[22/27] cl /c /Zc:__cplusplus /Zp8 /GR /W3 /EHs /nologo /MD /D_CRT_SECURE_NO_DEPRECATE /D_SCL_SECURE_NO_DEPRECATE /D_SECURE_SCL=0   /DMATLAB_MEX_FILE  /DMATLAB_MEX_FILE /O2 /Oy- /DNDEBUG /fp:strict /utf-8 /I "." /I "C:\Users\masato\research\master_research_b\lng_modeling\half_active" /I ".\interface" /I "C:\Program Files\MATLAB\R2024a\extern\include" /I "." -DHAVE_LAPACK_CONFIG_H -DLAPACK_COMPLEX_STRUCTURE -DMW_HAVE_LAPACK_DECLS -DMODEL=nlmpcControllerMEX   interface\_coder_nlmpcmoveCodeGeneration_api.c /Fobuild\win64\_coder_nlmpcmoveCodeGeneration_api.obj
_coder_nlmpcmoveCodeGeneration_api.c
[23/27] cl /c /Zc:__cplusplus /Zp8 /GR /W3 /EHs /nologo /MD /D_CRT_SECURE_NO_DEPRECATE /D_SCL_SECURE_NO_DEPRECATE /D_SECURE_SCL=0   /DMATLAB_MEX_FILE  /DMATLAB_MEX_FILE /O2 /Oy- /DNDEBUG /fp:strict /utf-8 /I "." /I "C:\Users\masato\research\master_research_b\lng_modeling\half_active" /I ".\interface" /I "C:\Program Files\MATLAB\R2024a\extern\include" /I "." -DHAVE_LAPACK_CONFIG_H -DLAPACK_COMPLEX_STRUCTURE -DMW_HAVE_LAPACK_DECLS -DMODEL=nlmpcControllerMEX   nlmpc_config__stateFcnJacobian.c /Fobuild\win64\nlmpc_config__stateFcnJacobian.obj
nlmpc_config__stateFcnJacobian.c
[24/27] cl /c /Zc:__cplusplus /Zp8 /GR /W3 /EHs /nologo /MD /D_CRT_SECURE_NO_DEPRECATE /D_SCL_SECURE_NO_DEPRECATE /D_SECURE_SCL=0   /DMATLAB_MEX_FILE  /DMATLAB_MEX_FILE /O2 /Oy- /DNDEBUG /fp:strict /utf-8 /I "." /I "C:\Users\masato\research\master_research_b\lng_modeling\half_active" /I ".\interface" /I "C:\Program Files\MATLAB\R2024a\extern\include" /I "." -DHAVE_LAPACK_CONFIG_H -DLAPACK_COMPLEX_STRUCTURE -DMW_HAVE_LAPACK_DECLS -DMODEL=nlmpcControllerMEX   nlmpcmoveCodeGeneration.c /Fobuild\win64\nlmpcmoveCodeGeneration.obj
nlmpcmoveCodeGeneration.c
[25/27] cl /c /Zc:__cplusplus /Zp8 /GR /W3 /EHs /nologo /MD /D_CRT_SECURE_NO_DEPRECATE /D_SCL_SECURE_NO_DEPRECATE /D_SECURE_SCL=0   /DMATLAB_MEX_FILE  /DMATLAB_MEX_FILE /O2 /Oy- /DNDEBUG /fp:strict /utf-8 /I "." /I "C:\Users\masato\research\master_research_b\lng_modeling\half_active" /I ".\interface" /I "C:\Program Files\MATLAB\R2024a\extern\include" /I "." -DHAVE_LAPACK_CONFIG_H -DLAPACK_COMPLEX_STRUCTURE -DMW_HAVE_LAPACK_DECLS -DMODEL=nlmpcControllerMEX   getHamiltonianDerivatives.c /Fobuild\win64\getHamiltonianDerivatives.obj
getHamiltonianDerivatives.c
